<?xml version="1.0" encoding="UTF-8"?>
<!-- Generated by org.testng.reporters.JUnitXMLReporter -->
<testsuite ignored="0" hostname="LAPTOP-668Q6PHV" failures="0" tests="4" name="EdgeTest" time="65.086" errors="0" timestamp="2022-05-27T18:45:42 IST">
  <testcase classname="testClasses.TestClass1" name="TestA" time="6.415"/>
  <testcase classname="testClasses.TestClass1" name="test" time="3.99"/>
  <testcase classname="testClasses.TestClass2" name="TestA" time="4.453"/>
  <testcase classname="testClasses.TestClass2" name="test" time="8.926"/>
</testsuite> <!-- EdgeTest -->
