<?xml version="1.0" encoding="UTF-8"?>
<!-- Generated by org.testng.reporters.JUnitXMLReporter -->
<testsuite ignored="0" hostname="LAPTOP-668Q6PHV" failures="0" tests="4" name="OperaTest" time="53.038" errors="0" timestamp="2022-05-27T18:46:35 IST">
  <testcase classname="testClasses.TestClass1" name="TestA" time="5.521"/>
  <testcase classname="testClasses.TestClass1" name="test" time="3.32"/>
  <testcase classname="testClasses.TestClass2" name="TestA" time="2.512"/>
  <testcase classname="testClasses.TestClass2" name="test" time="7.146"/>
</testsuite> <!-- OperaTest -->
