<?xml version="1.0" encoding="UTF-8"?>
<!-- Generated by org.testng.reporters.JUnitXMLReporter -->
<testsuite ignored="0" hostname="LAPTOP-668Q6PHV" failures="0" tests="4" name="EdgeTest" time="0.284" errors="0" timestamp="2022-05-28T17:09:09 IST">
  <testcase classname="testClasses.TestClass1" name="@BeforeTest launchBrowser" time="0.021">
    <failure type="java.lang.NullPointerException" message="Cannot invoke &amp;quot;org.openqa.selenium.WebDriver.manage()&amp;quot; because &amp;quot;this.driver&amp;quot; is null">
      <![CDATA[java.lang.NullPointerException: Cannot invoke "org.openqa.selenium.WebDriver.manage()" because "this.driver" is null
at testClasses.TestClass1.launchBrowser(TestClass1.java:38)
... Removed 24 stack frames]]>
    </failure>
  </testcase> <!-- @BeforeTest launchBrowser -->
  <testcase classname="testClasses.TestClass2" name="@BeforeTest launchBrowser" time="-1.653737949491E9">
    <skipped/>
  </testcase> <!-- @BeforeTest launchBrowser -->
  <testcase classname="testClasses.TestClass1" name="@BeforeClass createPOMObjects" time="-1.65373794953E9">
    <skipped/>
  </testcase> <!-- @BeforeClass createPOMObjects -->
  <testcase classname="testClasses.TestClass1" name="@BeforeMethod openApplication" time="-1.653737949587E9">
    <skipped/>
  </testcase> <!-- @BeforeMethod openApplication -->
  <testcase classname="testClasses.TestClass1" name="@BeforeMethod openApplication" time="-1.653737949612E9">
    <skipped/>
  </testcase> <!-- @BeforeMethod openApplication -->
  <testcase classname="testClasses.TestClass1" name="@AfterClass clearObject" time="-1.653737949641E9">
    <skipped/>
  </testcase> <!-- @AfterClass clearObject -->
  <testcase classname="testClasses.TestClass2" name="@BeforeClass createPOMObjects" time="-1.653737949654E9">
    <skipped/>
  </testcase> <!-- @BeforeClass createPOMObjects -->
  <testcase classname="testClasses.TestClass2" name="@BeforeMethod openApplication" time="-1.653737949661E9">
    <skipped/>
  </testcase> <!-- @BeforeMethod openApplication -->
  <testcase classname="testClasses.TestClass2" name="@BeforeMethod openApplication" time="-1.653737949687E9">
    <skipped/>
  </testcase> <!-- @BeforeMethod openApplication -->
  <testcase classname="testClasses.TestClass2" name="@AfterClass clearObject" time="-1.653737949711E9">
    <skipped/>
  </testcase> <!-- @AfterClass clearObject -->
  <testcase classname="testClasses.TestClass1" name="@AfterTest closeBrowser" time="-1.653737949722E9">
    <skipped/>
  </testcase> <!-- @AfterTest closeBrowser -->
  <testcase classname="testClasses.TestClass2" name="@AfterTest closeBrowser" time="-1.653737949724E9">
    <skipped/>
  </testcase> <!-- @AfterTest closeBrowser -->
  <testcase classname="testClasses.TestClass1" name="TestA" time="0.0">
    <skipped/>
  </testcase> <!-- TestA -->
  <testcase classname="testClasses.TestClass1" name="test" time="0.0">
    <skipped/>
  </testcase> <!-- test -->
  <testcase classname="testClasses.TestClass2" name="TestA" time="0.0">
    <skipped/>
  </testcase> <!-- TestA -->
  <testcase classname="testClasses.TestClass2" name="test" time="0.0">
    <skipped/>
  </testcase> <!-- test -->
</testsuite> <!-- EdgeTest -->
