<?xml version="1.0" encoding="UTF-8"?>
<!-- Generated by org.testng.reporters.JUnitXMLReporter -->
<testsuite ignored="0" hostname="LAPTOP-668Q6PHV" failures="0" tests="4" name="OperaTest" time="60.619" errors="0" timestamp="2022-05-28T17:10:10 IST">
  <testcase classname="testClasses.TestClass1" name="TestA" time="5.951"/>
  <testcase classname="testClasses.TestClass1" name="test" time="2.649"/>
  <testcase classname="testClasses.TestClass2" name="TestA" time="6.33"/>
  <testcase classname="testClasses.TestClass2" name="test" time="5.873"/>
</testsuite> <!-- OperaTest -->
